[2025-08-27 06:09:16] local.ERROR: Please provide a valid cache path. {"exception":"[object] (InvalidArgumentException(code: 0): Please provide a valid cache path. at /opt/lampp/htdocs/Admin_Dashboard_Backend/vendor/laravel/framework/src/Illuminate/View/Compilers/Compiler.php:36)
[stacktrace]
#0 /opt/lampp/htdocs/Admin_Dashboard_Backend/vendor/laravel/framework/src/Illuminate/View/ViewServiceProvider.php(88): Illuminate\\View\\Compilers\\Compiler->__construct()
#1 /opt/lampp/htdocs/Admin_Dashboard_Backend/vendor/laravel/framework/src/Illuminate/Container/Container.php(873): Illuminate\\View\\ViewServiceProvider->Illuminate\\View\\{closure}()
#2 /opt/lampp/htdocs/Admin_Dashboard_Backend/vendor/laravel/framework/src/Illuminate/Container/Container.php(758): Illuminate\\Container\\Container->build()
#3 /opt/lampp/htdocs/Admin_Dashboard_Backend/vendor/laravel/framework/src/Illuminate/Foundation/Application.php(851): Illuminate\\Container\\Container->resolve()
#4 /opt/lampp/htdocs/Admin_Dashboard_Backend/vendor/laravel/framework/src/Illuminate/Container/Container.php(694): Illuminate\\Foundation\\Application->resolve()
#5 /opt/lampp/htdocs/Admin_Dashboard_Backend/vendor/laravel/framework/src/Illuminate/Foundation/Application.php(836): Illuminate\\Container\\Container->make()
#6 /opt/lampp/htdocs/Admin_Dashboard_Backend/vendor/laravel/framework/src/Illuminate/Container/Container.php(1419): Illuminate\\Foundation\\Application->make()
#7 /opt/lampp/htdocs/Admin_Dashboard_Backend/vendor/laravel/framework/src/Illuminate/View/ViewServiceProvider.php(150): Illuminate\\Container\\Container->offsetGet()
#8 [internal function]: Illuminate\\View\\ViewServiceProvider->Illuminate\\View\\{closure}()
#9 /opt/lampp/htdocs/Admin_Dashboard_Backend/vendor/laravel/framework/src/Illuminate/View/Engines/EngineResolver.php(55): call_user_func()
#10 /opt/lampp/htdocs/Admin_Dashboard_Backend/vendor/facade/ignition/src/IgnitionServiceProvider.php(467): Illuminate\\View\\Engines\\EngineResolver->resolve()
#11 /opt/lampp/htdocs/Admin_Dashboard_Backend/vendor/facade/ignition/src/IgnitionServiceProvider.php(158): Facade\\Ignition\\IgnitionServiceProvider->hasCustomViewEnginesRegistered()
#12 /opt/lampp/htdocs/Admin_Dashboard_Backend/vendor/facade/ignition/src/IgnitionServiceProvider.php(101): Facade\\Ignition\\IgnitionServiceProvider->registerViewEngines()
#13 /opt/lampp/htdocs/Admin_Dashboard_Backend/vendor/laravel/framework/src/Illuminate/Container/BoundMethod.php(36): Facade\\Ignition\\IgnitionServiceProvider->boot()
#14 /opt/lampp/htdocs/Admin_Dashboard_Backend/vendor/laravel/framework/src/Illuminate/Container/Util.php(40): Illuminate\\Container\\BoundMethod::Illuminate\\Container\\{closure}()
#15 /opt/lampp/htdocs/Admin_Dashboard_Backend/vendor/laravel/framework/src/Illuminate/Container/BoundMethod.php(93): Illuminate\\Container\\Util::unwrapIfClosure()
#16 /opt/lampp/htdocs/Admin_Dashboard_Backend/vendor/laravel/framework/src/Illuminate/Container/BoundMethod.php(35): Illuminate\\Container\\BoundMethod::callBoundMethod()
#17 /opt/lampp/htdocs/Admin_Dashboard_Backend/vendor/laravel/framework/src/Illuminate/Container/Container.php(653): Illuminate\\Container\\BoundMethod::call()
#18 /opt/lampp/htdocs/Admin_Dashboard_Backend/vendor/laravel/framework/src/Illuminate/Foundation/Application.php(924): Illuminate\\Container\\Container->call()
#19 /opt/lampp/htdocs/Admin_Dashboard_Backend/vendor/laravel/framework/src/Illuminate/Foundation/Application.php(905): Illuminate\\Foundation\\Application->bootProvider()
#20 [internal function]: Illuminate\\Foundation\\Application->Illuminate\\Foundation\\{closure}()
#21 /opt/lampp/htdocs/Admin_Dashboard_Backend/vendor/laravel/framework/src/Illuminate/Foundation/Application.php(904): array_walk()
#22 /opt/lampp/htdocs/Admin_Dashboard_Backend/vendor/laravel/framework/src/Illuminate/Foundation/Bootstrap/BootProviders.php(17): Illuminate\\Foundation\\Application->boot()
#23 /opt/lampp/htdocs/Admin_Dashboard_Backend/vendor/laravel/framework/src/Illuminate/Foundation/Application.php(237): Illuminate\\Foundation\\Bootstrap\\BootProviders->bootstrap()
#24 /opt/lampp/htdocs/Admin_Dashboard_Backend/vendor/laravel/framework/src/Illuminate/Foundation/Console/Kernel.php(310): Illuminate\\Foundation\\Application->bootstrapWith()
#25 /opt/lampp/htdocs/Admin_Dashboard_Backend/vendor/laravel/framework/src/Illuminate/Foundation/Console/Kernel.php(127): Illuminate\\Foundation\\Console\\Kernel->bootstrap()
#26 /opt/lampp/htdocs/Admin_Dashboard_Backend/artisan(35): Illuminate\\Foundation\\Console\\Kernel->handle()
#27 {main}
"} 
[2025-08-27 06:10:20] local.ERROR: Please provide a valid cache path. {"exception":"[object] (InvalidArgumentException(code: 0): Please provide a valid cache path. at /opt/lampp/htdocs/Admin_Dashboard_Backend/vendor/laravel/framework/src/Illuminate/View/Compilers/Compiler.php:36)
[stacktrace]
#0 /opt/lampp/htdocs/Admin_Dashboard_Backend/vendor/laravel/framework/src/Illuminate/View/ViewServiceProvider.php(88): Illuminate\\View\\Compilers\\Compiler->__construct()
#1 /opt/lampp/htdocs/Admin_Dashboard_Backend/vendor/laravel/framework/src/Illuminate/Container/Container.php(873): Illuminate\\View\\ViewServiceProvider->Illuminate\\View\\{closure}()
#2 /opt/lampp/htdocs/Admin_Dashboard_Backend/vendor/laravel/framework/src/Illuminate/Container/Container.php(758): Illuminate\\Container\\Container->build()
#3 /opt/lampp/htdocs/Admin_Dashboard_Backend/vendor/laravel/framework/src/Illuminate/Foundation/Application.php(851): Illuminate\\Container\\Container->resolve()
#4 /opt/lampp/htdocs/Admin_Dashboard_Backend/vendor/laravel/framework/src/Illuminate/Container/Container.php(694): Illuminate\\Foundation\\Application->resolve()
#5 /opt/lampp/htdocs/Admin_Dashboard_Backend/vendor/laravel/framework/src/Illuminate/Foundation/Application.php(836): Illuminate\\Container\\Container->make()
#6 /opt/lampp/htdocs/Admin_Dashboard_Backend/vendor/laravel/framework/src/Illuminate/Container/Container.php(1419): Illuminate\\Foundation\\Application->make()
#7 /opt/lampp/htdocs/Admin_Dashboard_Backend/vendor/laravel/framework/src/Illuminate/View/ViewServiceProvider.php(150): Illuminate\\Container\\Container->offsetGet()
#8 [internal function]: Illuminate\\View\\ViewServiceProvider->Illuminate\\View\\{closure}()
#9 /opt/lampp/htdocs/Admin_Dashboard_Backend/vendor/laravel/framework/src/Illuminate/View/Engines/EngineResolver.php(55): call_user_func()
#10 /opt/lampp/htdocs/Admin_Dashboard_Backend/vendor/facade/ignition/src/IgnitionServiceProvider.php(467): Illuminate\\View\\Engines\\EngineResolver->resolve()
#11 /opt/lampp/htdocs/Admin_Dashboard_Backend/vendor/facade/ignition/src/IgnitionServiceProvider.php(158): Facade\\Ignition\\IgnitionServiceProvider->hasCustomViewEnginesRegistered()
#12 /opt/lampp/htdocs/Admin_Dashboard_Backend/vendor/facade/ignition/src/IgnitionServiceProvider.php(101): Facade\\Ignition\\IgnitionServiceProvider->registerViewEngines()
#13 /opt/lampp/htdocs/Admin_Dashboard_Backend/vendor/laravel/framework/src/Illuminate/Container/BoundMethod.php(36): Facade\\Ignition\\IgnitionServiceProvider->boot()
#14 /opt/lampp/htdocs/Admin_Dashboard_Backend/vendor/laravel/framework/src/Illuminate/Container/Util.php(40): Illuminate\\Container\\BoundMethod::Illuminate\\Container\\{closure}()
#15 /opt/lampp/htdocs/Admin_Dashboard_Backend/vendor/laravel/framework/src/Illuminate/Container/BoundMethod.php(93): Illuminate\\Container\\Util::unwrapIfClosure()
#16 /opt/lampp/htdocs/Admin_Dashboard_Backend/vendor/laravel/framework/src/Illuminate/Container/BoundMethod.php(35): Illuminate\\Container\\BoundMethod::callBoundMethod()
#17 /opt/lampp/htdocs/Admin_Dashboard_Backend/vendor/laravel/framework/src/Illuminate/Container/Container.php(653): Illuminate\\Container\\BoundMethod::call()
#18 /opt/lampp/htdocs/Admin_Dashboard_Backend/vendor/laravel/framework/src/Illuminate/Foundation/Application.php(924): Illuminate\\Container\\Container->call()
#19 /opt/lampp/htdocs/Admin_Dashboard_Backend/vendor/laravel/framework/src/Illuminate/Foundation/Application.php(905): Illuminate\\Foundation\\Application->bootProvider()
#20 [internal function]: Illuminate\\Foundation\\Application->Illuminate\\Foundation\\{closure}()
#21 /opt/lampp/htdocs/Admin_Dashboard_Backend/vendor/laravel/framework/src/Illuminate/Foundation/Application.php(904): array_walk()
#22 /opt/lampp/htdocs/Admin_Dashboard_Backend/vendor/laravel/framework/src/Illuminate/Foundation/Bootstrap/BootProviders.php(17): Illuminate\\Foundation\\Application->boot()
#23 /opt/lampp/htdocs/Admin_Dashboard_Backend/vendor/laravel/framework/src/Illuminate/Foundation/Application.php(237): Illuminate\\Foundation\\Bootstrap\\BootProviders->bootstrap()
#24 /opt/lampp/htdocs/Admin_Dashboard_Backend/vendor/laravel/framework/src/Illuminate/Foundation/Console/Kernel.php(310): Illuminate\\Foundation\\Application->bootstrapWith()
#25 /opt/lampp/htdocs/Admin_Dashboard_Backend/vendor/laravel/framework/src/Illuminate/Foundation/Console/Kernel.php(127): Illuminate\\Foundation\\Console\\Kernel->bootstrap()
#26 /opt/lampp/htdocs/Admin_Dashboard_Backend/artisan(35): Illuminate\\Foundation\\Console\\Kernel->handle()
#27 {main}
"} 
[2025-08-27 06:10:26] local.ERROR: Please provide a valid cache path. {"exception":"[object] (InvalidArgumentException(code: 0): Please provide a valid cache path. at /opt/lampp/htdocs/Admin_Dashboard_Backend/vendor/laravel/framework/src/Illuminate/View/Compilers/Compiler.php:36)
[stacktrace]
#0 /opt/lampp/htdocs/Admin_Dashboard_Backend/vendor/laravel/framework/src/Illuminate/View/ViewServiceProvider.php(88): Illuminate\\View\\Compilers\\Compiler->__construct()
#1 /opt/lampp/htdocs/Admin_Dashboard_Backend/vendor/laravel/framework/src/Illuminate/Container/Container.php(873): Illuminate\\View\\ViewServiceProvider->Illuminate\\View\\{closure}()
#2 /opt/lampp/htdocs/Admin_Dashboard_Backend/vendor/laravel/framework/src/Illuminate/Container/Container.php(758): Illuminate\\Container\\Container->build()
#3 /opt/lampp/htdocs/Admin_Dashboard_Backend/vendor/laravel/framework/src/Illuminate/Foundation/Application.php(851): Illuminate\\Container\\Container->resolve()
#4 /opt/lampp/htdocs/Admin_Dashboard_Backend/vendor/laravel/framework/src/Illuminate/Container/Container.php(694): Illuminate\\Foundation\\Application->resolve()
#5 /opt/lampp/htdocs/Admin_Dashboard_Backend/vendor/laravel/framework/src/Illuminate/Foundation/Application.php(836): Illuminate\\Container\\Container->make()
#6 /opt/lampp/htdocs/Admin_Dashboard_Backend/vendor/laravel/framework/src/Illuminate/Container/Container.php(1419): Illuminate\\Foundation\\Application->make()
#7 /opt/lampp/htdocs/Admin_Dashboard_Backend/vendor/laravel/framework/src/Illuminate/View/ViewServiceProvider.php(150): Illuminate\\Container\\Container->offsetGet()
#8 [internal function]: Illuminate\\View\\ViewServiceProvider->Illuminate\\View\\{closure}()
#9 /opt/lampp/htdocs/Admin_Dashboard_Backend/vendor/laravel/framework/src/Illuminate/View/Engines/EngineResolver.php(55): call_user_func()
#10 /opt/lampp/htdocs/Admin_Dashboard_Backend/vendor/facade/ignition/src/IgnitionServiceProvider.php(467): Illuminate\\View\\Engines\\EngineResolver->resolve()
#11 /opt/lampp/htdocs/Admin_Dashboard_Backend/vendor/facade/ignition/src/IgnitionServiceProvider.php(158): Facade\\Ignition\\IgnitionServiceProvider->hasCustomViewEnginesRegistered()
#12 /opt/lampp/htdocs/Admin_Dashboard_Backend/vendor/facade/ignition/src/IgnitionServiceProvider.php(101): Facade\\Ignition\\IgnitionServiceProvider->registerViewEngines()
#13 /opt/lampp/htdocs/Admin_Dashboard_Backend/vendor/laravel/framework/src/Illuminate/Container/BoundMethod.php(36): Facade\\Ignition\\IgnitionServiceProvider->boot()
#14 /opt/lampp/htdocs/Admin_Dashboard_Backend/vendor/laravel/framework/src/Illuminate/Container/Util.php(40): Illuminate\\Container\\BoundMethod::Illuminate\\Container\\{closure}()
#15 /opt/lampp/htdocs/Admin_Dashboard_Backend/vendor/laravel/framework/src/Illuminate/Container/BoundMethod.php(93): Illuminate\\Container\\Util::unwrapIfClosure()
#16 /opt/lampp/htdocs/Admin_Dashboard_Backend/vendor/laravel/framework/src/Illuminate/Container/BoundMethod.php(35): Illuminate\\Container\\BoundMethod::callBoundMethod()
#17 /opt/lampp/htdocs/Admin_Dashboard_Backend/vendor/laravel/framework/src/Illuminate/Container/Container.php(653): Illuminate\\Container\\BoundMethod::call()
#18 /opt/lampp/htdocs/Admin_Dashboard_Backend/vendor/laravel/framework/src/Illuminate/Foundation/Application.php(924): Illuminate\\Container\\Container->call()
#19 /opt/lampp/htdocs/Admin_Dashboard_Backend/vendor/laravel/framework/src/Illuminate/Foundation/Application.php(905): Illuminate\\Foundation\\Application->bootProvider()
#20 [internal function]: Illuminate\\Foundation\\Application->Illuminate\\Foundation\\{closure}()
#21 /opt/lampp/htdocs/Admin_Dashboard_Backend/vendor/laravel/framework/src/Illuminate/Foundation/Application.php(904): array_walk()
#22 /opt/lampp/htdocs/Admin_Dashboard_Backend/vendor/laravel/framework/src/Illuminate/Foundation/Bootstrap/BootProviders.php(17): Illuminate\\Foundation\\Application->boot()
#23 /opt/lampp/htdocs/Admin_Dashboard_Backend/vendor/laravel/framework/src/Illuminate/Foundation/Application.php(237): Illuminate\\Foundation\\Bootstrap\\BootProviders->bootstrap()
#24 /opt/lampp/htdocs/Admin_Dashboard_Backend/vendor/laravel/framework/src/Illuminate/Foundation/Console/Kernel.php(310): Illuminate\\Foundation\\Application->bootstrapWith()
#25 /opt/lampp/htdocs/Admin_Dashboard_Backend/vendor/laravel/framework/src/Illuminate/Foundation/Console/Kernel.php(127): Illuminate\\Foundation\\Console\\Kernel->bootstrap()
#26 /opt/lampp/htdocs/Admin_Dashboard_Backend/artisan(35): Illuminate\\Foundation\\Console\\Kernel->handle()
#27 {main}
"} 
[2025-08-27 06:13:26] local.ERROR: Unable to determine the Firebase Project ID {"exception":"[object] (Kreait\\Firebase\\Exception\\RuntimeException(code: 0): Unable to determine the Firebase Project ID at /opt/lampp/htdocs/Admin_Dashboard_Backend/vendor/kreait/firebase-php/src/Firebase/Factory.php:567)
[stacktrace]
#0 /opt/lampp/htdocs/Admin_Dashboard_Backend/vendor/kreait/firebase-php/src/Firebase/Factory.php(607): Kreait\\Firebase\\Factory->getProjectId()
#1 /opt/lampp/htdocs/Admin_Dashboard_Backend/vendor/kreait/firebase-php/src/Firebase/Factory.php(275): Kreait\\Firebase\\Factory->getDatabaseUrl()
#2 /opt/lampp/htdocs/Admin_Dashboard_Backend/vendor/kreait/laravel-firebase/src/FirebaseProject.php(48): Kreait\\Firebase\\Factory->createDatabase()
#3 /opt/lampp/htdocs/Admin_Dashboard_Backend/vendor/kreait/laravel-firebase/src/ServiceProvider.php(49): Kreait\\Laravel\\Firebase\\FirebaseProject->database()
#4 /opt/lampp/htdocs/Admin_Dashboard_Backend/vendor/laravel/framework/src/Illuminate/Container/Container.php(873): Kreait\\Laravel\\Firebase\\ServiceProvider::Kreait\\Laravel\\Firebase\\{closure}()
#5 /opt/lampp/htdocs/Admin_Dashboard_Backend/vendor/laravel/framework/src/Illuminate/Container/Container.php(758): Illuminate\\Container\\Container->build()
#6 /opt/lampp/htdocs/Admin_Dashboard_Backend/vendor/laravel/framework/src/Illuminate/Foundation/Application.php(851): Illuminate\\Container\\Container->resolve()
#7 /opt/lampp/htdocs/Admin_Dashboard_Backend/vendor/laravel/framework/src/Illuminate/Container/Container.php(694): Illuminate\\Foundation\\Application->resolve()
#8 /opt/lampp/htdocs/Admin_Dashboard_Backend/vendor/laravel/framework/src/Illuminate/Foundation/Application.php(836): Illuminate\\Container\\Container->make()
#9 /opt/lampp/htdocs/Admin_Dashboard_Backend/vendor/laravel/framework/src/Illuminate/Container/Container.php(1027): Illuminate\\Foundation\\Application->make()
#10 /opt/lampp/htdocs/Admin_Dashboard_Backend/vendor/laravel/framework/src/Illuminate/Container/Container.php(947): Illuminate\\Container\\Container->resolveClass()
#11 /opt/lampp/htdocs/Admin_Dashboard_Backend/vendor/laravel/framework/src/Illuminate/Container/Container.php(908): Illuminate\\Container\\Container->resolveDependencies()
#12 /opt/lampp/htdocs/Admin_Dashboard_Backend/vendor/laravel/framework/src/Illuminate/Container/Container.php(758): Illuminate\\Container\\Container->build()
#13 /opt/lampp/htdocs/Admin_Dashboard_Backend/vendor/laravel/framework/src/Illuminate/Foundation/Application.php(851): Illuminate\\Container\\Container->resolve()
#14 /opt/lampp/htdocs/Admin_Dashboard_Backend/vendor/laravel/framework/src/Illuminate/Container/Container.php(694): Illuminate\\Foundation\\Application->resolve()
#15 /opt/lampp/htdocs/Admin_Dashboard_Backend/vendor/laravel/framework/src/Illuminate/Foundation/Application.php(836): Illuminate\\Container\\Container->make()
#16 /opt/lampp/htdocs/Admin_Dashboard_Backend/vendor/laravel/framework/src/Illuminate/Console/Application.php(262): Illuminate\\Foundation\\Application->make()
#17 /opt/lampp/htdocs/Admin_Dashboard_Backend/vendor/laravel/framework/src/Illuminate/Console/Application.php(276): Illuminate\\Console\\Application->resolve()
#18 /opt/lampp/htdocs/Admin_Dashboard_Backend/vendor/laravel/framework/src/Illuminate/Foundation/Console/Kernel.php(331): Illuminate\\Console\\Application->resolveCommands()
#19 /opt/lampp/htdocs/Admin_Dashboard_Backend/vendor/laravel/framework/src/Illuminate/Foundation/Console/Kernel.php(129): Illuminate\\Foundation\\Console\\Kernel->getArtisan()
#20 /opt/lampp/htdocs/Admin_Dashboard_Backend/artisan(35): Illuminate\\Foundation\\Console\\Kernel->handle()
#21 {main}
"} 
[2025-08-27 06:13:29] local.ERROR: Unable to determine the Firebase Project ID {"exception":"[object] (Kreait\\Firebase\\Exception\\RuntimeException(code: 0): Unable to determine the Firebase Project ID at /opt/lampp/htdocs/Admin_Dashboard_Backend/vendor/kreait/firebase-php/src/Firebase/Factory.php:567)
[stacktrace]
#0 /opt/lampp/htdocs/Admin_Dashboard_Backend/vendor/kreait/firebase-php/src/Firebase/Factory.php(607): Kreait\\Firebase\\Factory->getProjectId()
#1 /opt/lampp/htdocs/Admin_Dashboard_Backend/vendor/kreait/firebase-php/src/Firebase/Factory.php(275): Kreait\\Firebase\\Factory->getDatabaseUrl()
#2 /opt/lampp/htdocs/Admin_Dashboard_Backend/vendor/kreait/laravel-firebase/src/FirebaseProject.php(48): Kreait\\Firebase\\Factory->createDatabase()
#3 /opt/lampp/htdocs/Admin_Dashboard_Backend/vendor/kreait/laravel-firebase/src/ServiceProvider.php(49): Kreait\\Laravel\\Firebase\\FirebaseProject->database()
#4 /opt/lampp/htdocs/Admin_Dashboard_Backend/vendor/laravel/framework/src/Illuminate/Container/Container.php(873): Kreait\\Laravel\\Firebase\\ServiceProvider::Kreait\\Laravel\\Firebase\\{closure}()
#5 /opt/lampp/htdocs/Admin_Dashboard_Backend/vendor/laravel/framework/src/Illuminate/Container/Container.php(758): Illuminate\\Container\\Container->build()
#6 /opt/lampp/htdocs/Admin_Dashboard_Backend/vendor/laravel/framework/src/Illuminate/Foundation/Application.php(851): Illuminate\\Container\\Container->resolve()
#7 /opt/lampp/htdocs/Admin_Dashboard_Backend/vendor/laravel/framework/src/Illuminate/Container/Container.php(694): Illuminate\\Foundation\\Application->resolve()
#8 /opt/lampp/htdocs/Admin_Dashboard_Backend/vendor/laravel/framework/src/Illuminate/Foundation/Application.php(836): Illuminate\\Container\\Container->make()
#9 /opt/lampp/htdocs/Admin_Dashboard_Backend/vendor/laravel/framework/src/Illuminate/Container/Container.php(1027): Illuminate\\Foundation\\Application->make()
#10 /opt/lampp/htdocs/Admin_Dashboard_Backend/vendor/laravel/framework/src/Illuminate/Container/Container.php(947): Illuminate\\Container\\Container->resolveClass()
#11 /opt/lampp/htdocs/Admin_Dashboard_Backend/vendor/laravel/framework/src/Illuminate/Container/Container.php(908): Illuminate\\Container\\Container->resolveDependencies()
#12 /opt/lampp/htdocs/Admin_Dashboard_Backend/vendor/laravel/framework/src/Illuminate/Container/Container.php(758): Illuminate\\Container\\Container->build()
#13 /opt/lampp/htdocs/Admin_Dashboard_Backend/vendor/laravel/framework/src/Illuminate/Foundation/Application.php(851): Illuminate\\Container\\Container->resolve()
#14 /opt/lampp/htdocs/Admin_Dashboard_Backend/vendor/laravel/framework/src/Illuminate/Container/Container.php(694): Illuminate\\Foundation\\Application->resolve()
#15 /opt/lampp/htdocs/Admin_Dashboard_Backend/vendor/laravel/framework/src/Illuminate/Foundation/Application.php(836): Illuminate\\Container\\Container->make()
#16 /opt/lampp/htdocs/Admin_Dashboard_Backend/vendor/laravel/framework/src/Illuminate/Console/Application.php(262): Illuminate\\Foundation\\Application->make()
#17 /opt/lampp/htdocs/Admin_Dashboard_Backend/vendor/laravel/framework/src/Illuminate/Console/Application.php(276): Illuminate\\Console\\Application->resolve()
#18 /opt/lampp/htdocs/Admin_Dashboard_Backend/vendor/laravel/framework/src/Illuminate/Foundation/Console/Kernel.php(331): Illuminate\\Console\\Application->resolveCommands()
#19 /opt/lampp/htdocs/Admin_Dashboard_Backend/vendor/laravel/framework/src/Illuminate/Foundation/Console/Kernel.php(129): Illuminate\\Foundation\\Console\\Kernel->getArtisan()
#20 /opt/lampp/htdocs/Admin_Dashboard_Backend/artisan(35): Illuminate\\Foundation\\Console\\Kernel->handle()
#21 {main}
"} 
[2025-08-27 06:13:33] local.ERROR: Unable to determine the Firebase Project ID {"exception":"[object] (Kreait\\Firebase\\Exception\\RuntimeException(code: 0): Unable to determine the Firebase Project ID at /opt/lampp/htdocs/Admin_Dashboard_Backend/vendor/kreait/firebase-php/src/Firebase/Factory.php:567)
[stacktrace]
#0 /opt/lampp/htdocs/Admin_Dashboard_Backend/vendor/kreait/firebase-php/src/Firebase/Factory.php(607): Kreait\\Firebase\\Factory->getProjectId()
#1 /opt/lampp/htdocs/Admin_Dashboard_Backend/vendor/kreait/firebase-php/src/Firebase/Factory.php(275): Kreait\\Firebase\\Factory->getDatabaseUrl()
#2 /opt/lampp/htdocs/Admin_Dashboard_Backend/vendor/kreait/laravel-firebase/src/FirebaseProject.php(48): Kreait\\Firebase\\Factory->createDatabase()
#3 /opt/lampp/htdocs/Admin_Dashboard_Backend/vendor/kreait/laravel-firebase/src/ServiceProvider.php(49): Kreait\\Laravel\\Firebase\\FirebaseProject->database()
#4 /opt/lampp/htdocs/Admin_Dashboard_Backend/vendor/laravel/framework/src/Illuminate/Container/Container.php(873): Kreait\\Laravel\\Firebase\\ServiceProvider::Kreait\\Laravel\\Firebase\\{closure}()
#5 /opt/lampp/htdocs/Admin_Dashboard_Backend/vendor/laravel/framework/src/Illuminate/Container/Container.php(758): Illuminate\\Container\\Container->build()
#6 /opt/lampp/htdocs/Admin_Dashboard_Backend/vendor/laravel/framework/src/Illuminate/Foundation/Application.php(851): Illuminate\\Container\\Container->resolve()
#7 /opt/lampp/htdocs/Admin_Dashboard_Backend/vendor/laravel/framework/src/Illuminate/Container/Container.php(694): Illuminate\\Foundation\\Application->resolve()
#8 /opt/lampp/htdocs/Admin_Dashboard_Backend/vendor/laravel/framework/src/Illuminate/Foundation/Application.php(836): Illuminate\\Container\\Container->make()
#9 /opt/lampp/htdocs/Admin_Dashboard_Backend/vendor/laravel/framework/src/Illuminate/Container/Container.php(1027): Illuminate\\Foundation\\Application->make()
#10 /opt/lampp/htdocs/Admin_Dashboard_Backend/vendor/laravel/framework/src/Illuminate/Container/Container.php(947): Illuminate\\Container\\Container->resolveClass()
#11 /opt/lampp/htdocs/Admin_Dashboard_Backend/vendor/laravel/framework/src/Illuminate/Container/Container.php(908): Illuminate\\Container\\Container->resolveDependencies()
#12 /opt/lampp/htdocs/Admin_Dashboard_Backend/vendor/laravel/framework/src/Illuminate/Container/Container.php(758): Illuminate\\Container\\Container->build()
#13 /opt/lampp/htdocs/Admin_Dashboard_Backend/vendor/laravel/framework/src/Illuminate/Foundation/Application.php(851): Illuminate\\Container\\Container->resolve()
#14 /opt/lampp/htdocs/Admin_Dashboard_Backend/vendor/laravel/framework/src/Illuminate/Container/Container.php(694): Illuminate\\Foundation\\Application->resolve()
#15 /opt/lampp/htdocs/Admin_Dashboard_Backend/vendor/laravel/framework/src/Illuminate/Foundation/Application.php(836): Illuminate\\Container\\Container->make()
#16 /opt/lampp/htdocs/Admin_Dashboard_Backend/vendor/laravel/framework/src/Illuminate/Console/Application.php(262): Illuminate\\Foundation\\Application->make()
#17 /opt/lampp/htdocs/Admin_Dashboard_Backend/vendor/laravel/framework/src/Illuminate/Console/Application.php(276): Illuminate\\Console\\Application->resolve()
#18 /opt/lampp/htdocs/Admin_Dashboard_Backend/vendor/laravel/framework/src/Illuminate/Foundation/Console/Kernel.php(331): Illuminate\\Console\\Application->resolveCommands()
#19 /opt/lampp/htdocs/Admin_Dashboard_Backend/vendor/laravel/framework/src/Illuminate/Foundation/Console/Kernel.php(129): Illuminate\\Foundation\\Console\\Kernel->getArtisan()
#20 /opt/lampp/htdocs/Admin_Dashboard_Backend/artisan(35): Illuminate\\Foundation\\Console\\Kernel->handle()
#21 {main}
"} 
[2025-08-27 06:13:50] local.ERROR: Unable to determine the Firebase Project ID {"exception":"[object] (Kreait\\Firebase\\Exception\\RuntimeException(code: 0): Unable to determine the Firebase Project ID at /opt/lampp/htdocs/Admin_Dashboard_Backend/vendor/kreait/firebase-php/src/Firebase/Factory.php:567)
[stacktrace]
#0 /opt/lampp/htdocs/Admin_Dashboard_Backend/vendor/kreait/firebase-php/src/Firebase/Factory.php(607): Kreait\\Firebase\\Factory->getProjectId()
#1 /opt/lampp/htdocs/Admin_Dashboard_Backend/vendor/kreait/firebase-php/src/Firebase/Factory.php(275): Kreait\\Firebase\\Factory->getDatabaseUrl()
#2 /opt/lampp/htdocs/Admin_Dashboard_Backend/vendor/kreait/laravel-firebase/src/FirebaseProject.php(48): Kreait\\Firebase\\Factory->createDatabase()
#3 /opt/lampp/htdocs/Admin_Dashboard_Backend/vendor/kreait/laravel-firebase/src/ServiceProvider.php(49): Kreait\\Laravel\\Firebase\\FirebaseProject->database()
#4 /opt/lampp/htdocs/Admin_Dashboard_Backend/vendor/laravel/framework/src/Illuminate/Container/Container.php(873): Kreait\\Laravel\\Firebase\\ServiceProvider::Kreait\\Laravel\\Firebase\\{closure}()
#5 /opt/lampp/htdocs/Admin_Dashboard_Backend/vendor/laravel/framework/src/Illuminate/Container/Container.php(758): Illuminate\\Container\\Container->build()
#6 /opt/lampp/htdocs/Admin_Dashboard_Backend/vendor/laravel/framework/src/Illuminate/Foundation/Application.php(851): Illuminate\\Container\\Container->resolve()
#7 /opt/lampp/htdocs/Admin_Dashboard_Backend/vendor/laravel/framework/src/Illuminate/Container/Container.php(694): Illuminate\\Foundation\\Application->resolve()
#8 /opt/lampp/htdocs/Admin_Dashboard_Backend/vendor/laravel/framework/src/Illuminate/Foundation/Application.php(836): Illuminate\\Container\\Container->make()
#9 /opt/lampp/htdocs/Admin_Dashboard_Backend/vendor/laravel/framework/src/Illuminate/Container/Container.php(1027): Illuminate\\Foundation\\Application->make()
#10 /opt/lampp/htdocs/Admin_Dashboard_Backend/vendor/laravel/framework/src/Illuminate/Container/Container.php(947): Illuminate\\Container\\Container->resolveClass()
#11 /opt/lampp/htdocs/Admin_Dashboard_Backend/vendor/laravel/framework/src/Illuminate/Container/Container.php(908): Illuminate\\Container\\Container->resolveDependencies()
#12 /opt/lampp/htdocs/Admin_Dashboard_Backend/vendor/laravel/framework/src/Illuminate/Container/Container.php(758): Illuminate\\Container\\Container->build()
#13 /opt/lampp/htdocs/Admin_Dashboard_Backend/vendor/laravel/framework/src/Illuminate/Foundation/Application.php(851): Illuminate\\Container\\Container->resolve()
#14 /opt/lampp/htdocs/Admin_Dashboard_Backend/vendor/laravel/framework/src/Illuminate/Container/Container.php(694): Illuminate\\Foundation\\Application->resolve()
#15 /opt/lampp/htdocs/Admin_Dashboard_Backend/vendor/laravel/framework/src/Illuminate/Foundation/Application.php(836): Illuminate\\Container\\Container->make()
#16 /opt/lampp/htdocs/Admin_Dashboard_Backend/vendor/laravel/framework/src/Illuminate/Console/Application.php(262): Illuminate\\Foundation\\Application->make()
#17 /opt/lampp/htdocs/Admin_Dashboard_Backend/vendor/laravel/framework/src/Illuminate/Console/Application.php(276): Illuminate\\Console\\Application->resolve()
#18 /opt/lampp/htdocs/Admin_Dashboard_Backend/vendor/laravel/framework/src/Illuminate/Foundation/Console/Kernel.php(331): Illuminate\\Console\\Application->resolveCommands()
#19 /opt/lampp/htdocs/Admin_Dashboard_Backend/vendor/laravel/framework/src/Illuminate/Foundation/Console/Kernel.php(129): Illuminate\\Foundation\\Console\\Kernel->getArtisan()
#20 /opt/lampp/htdocs/Admin_Dashboard_Backend/artisan(35): Illuminate\\Foundation\\Console\\Kernel->handle()
#21 {main}
"} 
[2025-08-27 06:20:06] local.ERROR: Unable to determine the Firebase Project ID {"exception":"[object] (Kreait\\Firebase\\Exception\\RuntimeException(code: 0): Unable to determine the Firebase Project ID at /opt/lampp/htdocs/Admin_Dashboard_Backend/vendor/kreait/firebase-php/src/Firebase/Factory.php:567)
[stacktrace]
#0 /opt/lampp/htdocs/Admin_Dashboard_Backend/vendor/kreait/firebase-php/src/Firebase/Factory.php(607): Kreait\\Firebase\\Factory->getProjectId()
#1 /opt/lampp/htdocs/Admin_Dashboard_Backend/vendor/kreait/firebase-php/src/Firebase/Factory.php(275): Kreait\\Firebase\\Factory->getDatabaseUrl()
#2 /opt/lampp/htdocs/Admin_Dashboard_Backend/vendor/kreait/laravel-firebase/src/FirebaseProject.php(48): Kreait\\Firebase\\Factory->createDatabase()
#3 /opt/lampp/htdocs/Admin_Dashboard_Backend/vendor/kreait/laravel-firebase/src/ServiceProvider.php(49): Kreait\\Laravel\\Firebase\\FirebaseProject->database()
#4 /opt/lampp/htdocs/Admin_Dashboard_Backend/vendor/laravel/framework/src/Illuminate/Container/Container.php(873): Kreait\\Laravel\\Firebase\\ServiceProvider::Kreait\\Laravel\\Firebase\\{closure}()
#5 /opt/lampp/htdocs/Admin_Dashboard_Backend/vendor/laravel/framework/src/Illuminate/Container/Container.php(758): Illuminate\\Container\\Container->build()
#6 /opt/lampp/htdocs/Admin_Dashboard_Backend/vendor/laravel/framework/src/Illuminate/Foundation/Application.php(851): Illuminate\\Container\\Container->resolve()
#7 /opt/lampp/htdocs/Admin_Dashboard_Backend/vendor/laravel/framework/src/Illuminate/Container/Container.php(694): Illuminate\\Foundation\\Application->resolve()
#8 /opt/lampp/htdocs/Admin_Dashboard_Backend/vendor/laravel/framework/src/Illuminate/Foundation/Application.php(836): Illuminate\\Container\\Container->make()
#9 /opt/lampp/htdocs/Admin_Dashboard_Backend/vendor/laravel/framework/src/Illuminate/Container/Container.php(1027): Illuminate\\Foundation\\Application->make()
#10 /opt/lampp/htdocs/Admin_Dashboard_Backend/vendor/laravel/framework/src/Illuminate/Container/Container.php(947): Illuminate\\Container\\Container->resolveClass()
#11 /opt/lampp/htdocs/Admin_Dashboard_Backend/vendor/laravel/framework/src/Illuminate/Container/Container.php(908): Illuminate\\Container\\Container->resolveDependencies()
#12 /opt/lampp/htdocs/Admin_Dashboard_Backend/vendor/laravel/framework/src/Illuminate/Container/Container.php(758): Illuminate\\Container\\Container->build()
#13 /opt/lampp/htdocs/Admin_Dashboard_Backend/vendor/laravel/framework/src/Illuminate/Foundation/Application.php(851): Illuminate\\Container\\Container->resolve()
#14 /opt/lampp/htdocs/Admin_Dashboard_Backend/vendor/laravel/framework/src/Illuminate/Container/Container.php(694): Illuminate\\Foundation\\Application->resolve()
#15 /opt/lampp/htdocs/Admin_Dashboard_Backend/vendor/laravel/framework/src/Illuminate/Foundation/Application.php(836): Illuminate\\Container\\Container->make()
#16 /opt/lampp/htdocs/Admin_Dashboard_Backend/vendor/laravel/framework/src/Illuminate/Console/Application.php(262): Illuminate\\Foundation\\Application->make()
#17 /opt/lampp/htdocs/Admin_Dashboard_Backend/vendor/laravel/framework/src/Illuminate/Console/Application.php(276): Illuminate\\Console\\Application->resolve()
#18 /opt/lampp/htdocs/Admin_Dashboard_Backend/vendor/laravel/framework/src/Illuminate/Foundation/Console/Kernel.php(331): Illuminate\\Console\\Application->resolveCommands()
#19 /opt/lampp/htdocs/Admin_Dashboard_Backend/vendor/laravel/framework/src/Illuminate/Foundation/Console/Kernel.php(129): Illuminate\\Foundation\\Console\\Kernel->getArtisan()
#20 /opt/lampp/htdocs/Admin_Dashboard_Backend/artisan(35): Illuminate\\Foundation\\Console\\Kernel->handle()
#21 {main}
"} 
[2025-08-27 06:20:56] local.ERROR: Unable to determine the Firebase Project ID {"exception":"[object] (Kreait\\Firebase\\Exception\\RuntimeException(code: 0): Unable to determine the Firebase Project ID at /opt/lampp/htdocs/Admin_Dashboard_Backend/vendor/kreait/firebase-php/src/Firebase/Factory.php:567)
[stacktrace]
#0 /opt/lampp/htdocs/Admin_Dashboard_Backend/vendor/kreait/firebase-php/src/Firebase/Factory.php(607): Kreait\\Firebase\\Factory->getProjectId()
#1 /opt/lampp/htdocs/Admin_Dashboard_Backend/vendor/kreait/firebase-php/src/Firebase/Factory.php(275): Kreait\\Firebase\\Factory->getDatabaseUrl()
#2 /opt/lampp/htdocs/Admin_Dashboard_Backend/vendor/kreait/laravel-firebase/src/FirebaseProject.php(48): Kreait\\Firebase\\Factory->createDatabase()
#3 /opt/lampp/htdocs/Admin_Dashboard_Backend/vendor/kreait/laravel-firebase/src/ServiceProvider.php(49): Kreait\\Laravel\\Firebase\\FirebaseProject->database()
#4 /opt/lampp/htdocs/Admin_Dashboard_Backend/vendor/laravel/framework/src/Illuminate/Container/Container.php(873): Kreait\\Laravel\\Firebase\\ServiceProvider::Kreait\\Laravel\\Firebase\\{closure}()
#5 /opt/lampp/htdocs/Admin_Dashboard_Backend/vendor/laravel/framework/src/Illuminate/Container/Container.php(758): Illuminate\\Container\\Container->build()
#6 /opt/lampp/htdocs/Admin_Dashboard_Backend/vendor/laravel/framework/src/Illuminate/Foundation/Application.php(851): Illuminate\\Container\\Container->resolve()
#7 /opt/lampp/htdocs/Admin_Dashboard_Backend/vendor/laravel/framework/src/Illuminate/Container/Container.php(694): Illuminate\\Foundation\\Application->resolve()
#8 /opt/lampp/htdocs/Admin_Dashboard_Backend/vendor/laravel/framework/src/Illuminate/Foundation/Application.php(836): Illuminate\\Container\\Container->make()
#9 /opt/lampp/htdocs/Admin_Dashboard_Backend/vendor/laravel/framework/src/Illuminate/Container/Container.php(1027): Illuminate\\Foundation\\Application->make()
#10 /opt/lampp/htdocs/Admin_Dashboard_Backend/vendor/laravel/framework/src/Illuminate/Container/Container.php(947): Illuminate\\Container\\Container->resolveClass()
#11 /opt/lampp/htdocs/Admin_Dashboard_Backend/vendor/laravel/framework/src/Illuminate/Container/Container.php(908): Illuminate\\Container\\Container->resolveDependencies()
#12 /opt/lampp/htdocs/Admin_Dashboard_Backend/vendor/laravel/framework/src/Illuminate/Container/Container.php(758): Illuminate\\Container\\Container->build()
#13 /opt/lampp/htdocs/Admin_Dashboard_Backend/vendor/laravel/framework/src/Illuminate/Foundation/Application.php(851): Illuminate\\Container\\Container->resolve()
#14 /opt/lampp/htdocs/Admin_Dashboard_Backend/vendor/laravel/framework/src/Illuminate/Container/Container.php(694): Illuminate\\Foundation\\Application->resolve()
#15 /opt/lampp/htdocs/Admin_Dashboard_Backend/vendor/laravel/framework/src/Illuminate/Foundation/Application.php(836): Illuminate\\Container\\Container->make()
#16 /opt/lampp/htdocs/Admin_Dashboard_Backend/vendor/laravel/framework/src/Illuminate/Console/Application.php(262): Illuminate\\Foundation\\Application->make()
#17 /opt/lampp/htdocs/Admin_Dashboard_Backend/vendor/laravel/framework/src/Illuminate/Console/Application.php(276): Illuminate\\Console\\Application->resolve()
#18 /opt/lampp/htdocs/Admin_Dashboard_Backend/vendor/laravel/framework/src/Illuminate/Foundation/Console/Kernel.php(331): Illuminate\\Console\\Application->resolveCommands()
#19 /opt/lampp/htdocs/Admin_Dashboard_Backend/vendor/laravel/framework/src/Illuminate/Foundation/Console/Kernel.php(129): Illuminate\\Foundation\\Console\\Kernel->getArtisan()
#20 /opt/lampp/htdocs/Admin_Dashboard_Backend/artisan(35): Illuminate\\Foundation\\Console\\Kernel->handle()
#21 {main}
"} 
[2025-08-27 06:21:10] local.ERROR: Unable to determine the Firebase Project ID {"exception":"[object] (Kreait\\Firebase\\Exception\\RuntimeException(code: 0): Unable to determine the Firebase Project ID at /opt/lampp/htdocs/Admin_Dashboard_Backend/vendor/kreait/firebase-php/src/Firebase/Factory.php:567)
[stacktrace]
#0 /opt/lampp/htdocs/Admin_Dashboard_Backend/vendor/kreait/firebase-php/src/Firebase/Factory.php(607): Kreait\\Firebase\\Factory->getProjectId()
#1 /opt/lampp/htdocs/Admin_Dashboard_Backend/vendor/kreait/firebase-php/src/Firebase/Factory.php(275): Kreait\\Firebase\\Factory->getDatabaseUrl()
#2 /opt/lampp/htdocs/Admin_Dashboard_Backend/vendor/kreait/laravel-firebase/src/FirebaseProject.php(48): Kreait\\Firebase\\Factory->createDatabase()
#3 /opt/lampp/htdocs/Admin_Dashboard_Backend/vendor/kreait/laravel-firebase/src/ServiceProvider.php(49): Kreait\\Laravel\\Firebase\\FirebaseProject->database()
#4 /opt/lampp/htdocs/Admin_Dashboard_Backend/vendor/laravel/framework/src/Illuminate/Container/Container.php(873): Kreait\\Laravel\\Firebase\\ServiceProvider::Kreait\\Laravel\\Firebase\\{closure}()
#5 /opt/lampp/htdocs/Admin_Dashboard_Backend/vendor/laravel/framework/src/Illuminate/Container/Container.php(758): Illuminate\\Container\\Container->build()
#6 /opt/lampp/htdocs/Admin_Dashboard_Backend/vendor/laravel/framework/src/Illuminate/Foundation/Application.php(851): Illuminate\\Container\\Container->resolve()
#7 /opt/lampp/htdocs/Admin_Dashboard_Backend/vendor/laravel/framework/src/Illuminate/Container/Container.php(694): Illuminate\\Foundation\\Application->resolve()
#8 /opt/lampp/htdocs/Admin_Dashboard_Backend/vendor/laravel/framework/src/Illuminate/Foundation/Application.php(836): Illuminate\\Container\\Container->make()
#9 /opt/lampp/htdocs/Admin_Dashboard_Backend/vendor/laravel/framework/src/Illuminate/Container/Container.php(1027): Illuminate\\Foundation\\Application->make()
#10 /opt/lampp/htdocs/Admin_Dashboard_Backend/vendor/laravel/framework/src/Illuminate/Container/Container.php(947): Illuminate\\Container\\Container->resolveClass()
#11 /opt/lampp/htdocs/Admin_Dashboard_Backend/vendor/laravel/framework/src/Illuminate/Container/Container.php(908): Illuminate\\Container\\Container->resolveDependencies()
#12 /opt/lampp/htdocs/Admin_Dashboard_Backend/vendor/laravel/framework/src/Illuminate/Container/Container.php(758): Illuminate\\Container\\Container->build()
#13 /opt/lampp/htdocs/Admin_Dashboard_Backend/vendor/laravel/framework/src/Illuminate/Foundation/Application.php(851): Illuminate\\Container\\Container->resolve()
#14 /opt/lampp/htdocs/Admin_Dashboard_Backend/vendor/laravel/framework/src/Illuminate/Container/Container.php(694): Illuminate\\Foundation\\Application->resolve()
#15 /opt/lampp/htdocs/Admin_Dashboard_Backend/vendor/laravel/framework/src/Illuminate/Foundation/Application.php(836): Illuminate\\Container\\Container->make()
#16 /opt/lampp/htdocs/Admin_Dashboard_Backend/vendor/laravel/framework/src/Illuminate/Console/Application.php(262): Illuminate\\Foundation\\Application->make()
#17 /opt/lampp/htdocs/Admin_Dashboard_Backend/vendor/laravel/framework/src/Illuminate/Console/Application.php(276): Illuminate\\Console\\Application->resolve()
#18 /opt/lampp/htdocs/Admin_Dashboard_Backend/vendor/laravel/framework/src/Illuminate/Foundation/Console/Kernel.php(331): Illuminate\\Console\\Application->resolveCommands()
#19 /opt/lampp/htdocs/Admin_Dashboard_Backend/vendor/laravel/framework/src/Illuminate/Foundation/Console/Kernel.php(129): Illuminate\\Foundation\\Console\\Kernel->getArtisan()
#20 /opt/lampp/htdocs/Admin_Dashboard_Backend/artisan(35): Illuminate\\Foundation\\Console\\Kernel->handle()
#21 {main}
"} 
[2025-08-27 06:21:16] local.ERROR: Unable to determine the Firebase Project ID {"exception":"[object] (Kreait\\Firebase\\Exception\\RuntimeException(code: 0): Unable to determine the Firebase Project ID at /opt/lampp/htdocs/Admin_Dashboard_Backend/vendor/kreait/firebase-php/src/Firebase/Factory.php:567)
[stacktrace]
#0 /opt/lampp/htdocs/Admin_Dashboard_Backend/vendor/kreait/firebase-php/src/Firebase/Factory.php(607): Kreait\\Firebase\\Factory->getProjectId()
#1 /opt/lampp/htdocs/Admin_Dashboard_Backend/vendor/kreait/firebase-php/src/Firebase/Factory.php(275): Kreait\\Firebase\\Factory->getDatabaseUrl()
#2 /opt/lampp/htdocs/Admin_Dashboard_Backend/vendor/kreait/laravel-firebase/src/FirebaseProject.php(48): Kreait\\Firebase\\Factory->createDatabase()
#3 /opt/lampp/htdocs/Admin_Dashboard_Backend/vendor/kreait/laravel-firebase/src/ServiceProvider.php(49): Kreait\\Laravel\\Firebase\\FirebaseProject->database()
#4 /opt/lampp/htdocs/Admin_Dashboard_Backend/vendor/laravel/framework/src/Illuminate/Container/Container.php(873): Kreait\\Laravel\\Firebase\\ServiceProvider::Kreait\\Laravel\\Firebase\\{closure}()
#5 /opt/lampp/htdocs/Admin_Dashboard_Backend/vendor/laravel/framework/src/Illuminate/Container/Container.php(758): Illuminate\\Container\\Container->build()
#6 /opt/lampp/htdocs/Admin_Dashboard_Backend/vendor/laravel/framework/src/Illuminate/Foundation/Application.php(851): Illuminate\\Container\\Container->resolve()
#7 /opt/lampp/htdocs/Admin_Dashboard_Backend/vendor/laravel/framework/src/Illuminate/Container/Container.php(694): Illuminate\\Foundation\\Application->resolve()
#8 /opt/lampp/htdocs/Admin_Dashboard_Backend/vendor/laravel/framework/src/Illuminate/Foundation/Application.php(836): Illuminate\\Container\\Container->make()
#9 /opt/lampp/htdocs/Admin_Dashboard_Backend/vendor/laravel/framework/src/Illuminate/Container/Container.php(1027): Illuminate\\Foundation\\Application->make()
#10 /opt/lampp/htdocs/Admin_Dashboard_Backend/vendor/laravel/framework/src/Illuminate/Container/Container.php(947): Illuminate\\Container\\Container->resolveClass()
#11 /opt/lampp/htdocs/Admin_Dashboard_Backend/vendor/laravel/framework/src/Illuminate/Container/Container.php(908): Illuminate\\Container\\Container->resolveDependencies()
#12 /opt/lampp/htdocs/Admin_Dashboard_Backend/vendor/laravel/framework/src/Illuminate/Container/Container.php(758): Illuminate\\Container\\Container->build()
#13 /opt/lampp/htdocs/Admin_Dashboard_Backend/vendor/laravel/framework/src/Illuminate/Foundation/Application.php(851): Illuminate\\Container\\Container->resolve()
#14 /opt/lampp/htdocs/Admin_Dashboard_Backend/vendor/laravel/framework/src/Illuminate/Container/Container.php(694): Illuminate\\Foundation\\Application->resolve()
#15 /opt/lampp/htdocs/Admin_Dashboard_Backend/vendor/laravel/framework/src/Illuminate/Foundation/Application.php(836): Illuminate\\Container\\Container->make()
#16 /opt/lampp/htdocs/Admin_Dashboard_Backend/vendor/laravel/framework/src/Illuminate/Console/Application.php(262): Illuminate\\Foundation\\Application->make()
#17 /opt/lampp/htdocs/Admin_Dashboard_Backend/vendor/laravel/framework/src/Illuminate/Console/Application.php(276): Illuminate\\Console\\Application->resolve()
#18 /opt/lampp/htdocs/Admin_Dashboard_Backend/vendor/laravel/framework/src/Illuminate/Foundation/Console/Kernel.php(331): Illuminate\\Console\\Application->resolveCommands()
#19 /opt/lampp/htdocs/Admin_Dashboard_Backend/vendor/laravel/framework/src/Illuminate/Foundation/Console/Kernel.php(129): Illuminate\\Foundation\\Console\\Kernel->getArtisan()
#20 /opt/lampp/htdocs/Admin_Dashboard_Backend/artisan(35): Illuminate\\Foundation\\Console\\Kernel->handle()
#21 {main}
"} 
[2025-08-27 06:21:38] local.ERROR: Unable to determine the Firebase Project ID {"exception":"[object] (Kreait\\Firebase\\Exception\\RuntimeException(code: 0): Unable to determine the Firebase Project ID at /opt/lampp/htdocs/Admin_Dashboard_Backend/vendor/kreait/firebase-php/src/Firebase/Factory.php:567)
[stacktrace]
#0 /opt/lampp/htdocs/Admin_Dashboard_Backend/vendor/kreait/firebase-php/src/Firebase/Factory.php(607): Kreait\\Firebase\\Factory->getProjectId()
#1 /opt/lampp/htdocs/Admin_Dashboard_Backend/vendor/kreait/firebase-php/src/Firebase/Factory.php(275): Kreait\\Firebase\\Factory->getDatabaseUrl()
#2 /opt/lampp/htdocs/Admin_Dashboard_Backend/vendor/kreait/laravel-firebase/src/FirebaseProject.php(48): Kreait\\Firebase\\Factory->createDatabase()
#3 /opt/lampp/htdocs/Admin_Dashboard_Backend/vendor/kreait/laravel-firebase/src/ServiceProvider.php(49): Kreait\\Laravel\\Firebase\\FirebaseProject->database()
#4 /opt/lampp/htdocs/Admin_Dashboard_Backend/vendor/laravel/framework/src/Illuminate/Container/Container.php(873): Kreait\\Laravel\\Firebase\\ServiceProvider::Kreait\\Laravel\\Firebase\\{closure}()
#5 /opt/lampp/htdocs/Admin_Dashboard_Backend/vendor/laravel/framework/src/Illuminate/Container/Container.php(758): Illuminate\\Container\\Container->build()
#6 /opt/lampp/htdocs/Admin_Dashboard_Backend/vendor/laravel/framework/src/Illuminate/Foundation/Application.php(851): Illuminate\\Container\\Container->resolve()
#7 /opt/lampp/htdocs/Admin_Dashboard_Backend/vendor/laravel/framework/src/Illuminate/Container/Container.php(694): Illuminate\\Foundation\\Application->resolve()
#8 /opt/lampp/htdocs/Admin_Dashboard_Backend/vendor/laravel/framework/src/Illuminate/Foundation/Application.php(836): Illuminate\\Container\\Container->make()
#9 /opt/lampp/htdocs/Admin_Dashboard_Backend/vendor/laravel/framework/src/Illuminate/Container/Container.php(1027): Illuminate\\Foundation\\Application->make()
#10 /opt/lampp/htdocs/Admin_Dashboard_Backend/vendor/laravel/framework/src/Illuminate/Container/Container.php(947): Illuminate\\Container\\Container->resolveClass()
#11 /opt/lampp/htdocs/Admin_Dashboard_Backend/vendor/laravel/framework/src/Illuminate/Container/Container.php(908): Illuminate\\Container\\Container->resolveDependencies()
#12 /opt/lampp/htdocs/Admin_Dashboard_Backend/vendor/laravel/framework/src/Illuminate/Container/Container.php(758): Illuminate\\Container\\Container->build()
#13 /opt/lampp/htdocs/Admin_Dashboard_Backend/vendor/laravel/framework/src/Illuminate/Foundation/Application.php(851): Illuminate\\Container\\Container->resolve()
#14 /opt/lampp/htdocs/Admin_Dashboard_Backend/vendor/laravel/framework/src/Illuminate/Container/Container.php(694): Illuminate\\Foundation\\Application->resolve()
#15 /opt/lampp/htdocs/Admin_Dashboard_Backend/vendor/laravel/framework/src/Illuminate/Foundation/Application.php(836): Illuminate\\Container\\Container->make()
#16 /opt/lampp/htdocs/Admin_Dashboard_Backend/vendor/laravel/framework/src/Illuminate/Console/Application.php(262): Illuminate\\Foundation\\Application->make()
#17 /opt/lampp/htdocs/Admin_Dashboard_Backend/vendor/laravel/framework/src/Illuminate/Console/Application.php(276): Illuminate\\Console\\Application->resolve()
#18 /opt/lampp/htdocs/Admin_Dashboard_Backend/vendor/laravel/framework/src/Illuminate/Foundation/Console/Kernel.php(331): Illuminate\\Console\\Application->resolveCommands()
#19 /opt/lampp/htdocs/Admin_Dashboard_Backend/vendor/laravel/framework/src/Illuminate/Foundation/Console/Kernel.php(129): Illuminate\\Foundation\\Console\\Kernel->getArtisan()
#20 /opt/lampp/htdocs/Admin_Dashboard_Backend/artisan(35): Illuminate\\Foundation\\Console\\Kernel->handle()
#21 {main}
"} 
[2025-08-27 06:21:45] local.ERROR: Unable to determine the Firebase Project ID {"exception":"[object] (Kreait\\Firebase\\Exception\\RuntimeException(code: 0): Unable to determine the Firebase Project ID at /opt/lampp/htdocs/Admin_Dashboard_Backend/vendor/kreait/firebase-php/src/Firebase/Factory.php:567)
[stacktrace]
#0 /opt/lampp/htdocs/Admin_Dashboard_Backend/vendor/kreait/firebase-php/src/Firebase/Factory.php(607): Kreait\\Firebase\\Factory->getProjectId()
#1 /opt/lampp/htdocs/Admin_Dashboard_Backend/vendor/kreait/firebase-php/src/Firebase/Factory.php(275): Kreait\\Firebase\\Factory->getDatabaseUrl()
#2 /opt/lampp/htdocs/Admin_Dashboard_Backend/vendor/kreait/laravel-firebase/src/FirebaseProject.php(48): Kreait\\Firebase\\Factory->createDatabase()
#3 /opt/lampp/htdocs/Admin_Dashboard_Backend/vendor/kreait/laravel-firebase/src/ServiceProvider.php(49): Kreait\\Laravel\\Firebase\\FirebaseProject->database()
#4 /opt/lampp/htdocs/Admin_Dashboard_Backend/vendor/laravel/framework/src/Illuminate/Container/Container.php(873): Kreait\\Laravel\\Firebase\\ServiceProvider::Kreait\\Laravel\\Firebase\\{closure}()
#5 /opt/lampp/htdocs/Admin_Dashboard_Backend/vendor/laravel/framework/src/Illuminate/Container/Container.php(758): Illuminate\\Container\\Container->build()
#6 /opt/lampp/htdocs/Admin_Dashboard_Backend/vendor/laravel/framework/src/Illuminate/Foundation/Application.php(851): Illuminate\\Container\\Container->resolve()
#7 /opt/lampp/htdocs/Admin_Dashboard_Backend/vendor/laravel/framework/src/Illuminate/Container/Container.php(694): Illuminate\\Foundation\\Application->resolve()
#8 /opt/lampp/htdocs/Admin_Dashboard_Backend/vendor/laravel/framework/src/Illuminate/Foundation/Application.php(836): Illuminate\\Container\\Container->make()
#9 /opt/lampp/htdocs/Admin_Dashboard_Backend/vendor/laravel/framework/src/Illuminate/Container/Container.php(1027): Illuminate\\Foundation\\Application->make()
#10 /opt/lampp/htdocs/Admin_Dashboard_Backend/vendor/laravel/framework/src/Illuminate/Container/Container.php(947): Illuminate\\Container\\Container->resolveClass()
#11 /opt/lampp/htdocs/Admin_Dashboard_Backend/vendor/laravel/framework/src/Illuminate/Container/Container.php(908): Illuminate\\Container\\Container->resolveDependencies()
#12 /opt/lampp/htdocs/Admin_Dashboard_Backend/vendor/laravel/framework/src/Illuminate/Container/Container.php(758): Illuminate\\Container\\Container->build()
#13 /opt/lampp/htdocs/Admin_Dashboard_Backend/vendor/laravel/framework/src/Illuminate/Foundation/Application.php(851): Illuminate\\Container\\Container->resolve()
#14 /opt/lampp/htdocs/Admin_Dashboard_Backend/vendor/laravel/framework/src/Illuminate/Container/Container.php(694): Illuminate\\Foundation\\Application->resolve()
#15 /opt/lampp/htdocs/Admin_Dashboard_Backend/vendor/laravel/framework/src/Illuminate/Foundation/Application.php(836): Illuminate\\Container\\Container->make()
#16 /opt/lampp/htdocs/Admin_Dashboard_Backend/vendor/laravel/framework/src/Illuminate/Console/Application.php(262): Illuminate\\Foundation\\Application->make()
#17 /opt/lampp/htdocs/Admin_Dashboard_Backend/vendor/laravel/framework/src/Illuminate/Console/Application.php(276): Illuminate\\Console\\Application->resolve()
#18 /opt/lampp/htdocs/Admin_Dashboard_Backend/vendor/laravel/framework/src/Illuminate/Foundation/Console/Kernel.php(331): Illuminate\\Console\\Application->resolveCommands()
#19 /opt/lampp/htdocs/Admin_Dashboard_Backend/vendor/laravel/framework/src/Illuminate/Foundation/Console/Kernel.php(129): Illuminate\\Foundation\\Console\\Kernel->getArtisan()
#20 /opt/lampp/htdocs/Admin_Dashboard_Backend/artisan(35): Illuminate\\Foundation\\Console\\Kernel->handle()
#21 {main}
"} 
[2025-08-27 06:21:51] local.ERROR: Unable to determine the Firebase Project ID {"exception":"[object] (Kreait\\Firebase\\Exception\\RuntimeException(code: 0): Unable to determine the Firebase Project ID at /opt/lampp/htdocs/Admin_Dashboard_Backend/vendor/kreait/firebase-php/src/Firebase/Factory.php:567)
[stacktrace]
#0 /opt/lampp/htdocs/Admin_Dashboard_Backend/vendor/kreait/firebase-php/src/Firebase/Factory.php(607): Kreait\\Firebase\\Factory->getProjectId()
#1 /opt/lampp/htdocs/Admin_Dashboard_Backend/vendor/kreait/firebase-php/src/Firebase/Factory.php(275): Kreait\\Firebase\\Factory->getDatabaseUrl()
#2 /opt/lampp/htdocs/Admin_Dashboard_Backend/vendor/kreait/laravel-firebase/src/FirebaseProject.php(48): Kreait\\Firebase\\Factory->createDatabase()
#3 /opt/lampp/htdocs/Admin_Dashboard_Backend/vendor/kreait/laravel-firebase/src/ServiceProvider.php(49): Kreait\\Laravel\\Firebase\\FirebaseProject->database()
#4 /opt/lampp/htdocs/Admin_Dashboard_Backend/vendor/laravel/framework/src/Illuminate/Container/Container.php(873): Kreait\\Laravel\\Firebase\\ServiceProvider::Kreait\\Laravel\\Firebase\\{closure}()
#5 /opt/lampp/htdocs/Admin_Dashboard_Backend/vendor/laravel/framework/src/Illuminate/Container/Container.php(758): Illuminate\\Container\\Container->build()
#6 /opt/lampp/htdocs/Admin_Dashboard_Backend/vendor/laravel/framework/src/Illuminate/Foundation/Application.php(851): Illuminate\\Container\\Container->resolve()
#7 /opt/lampp/htdocs/Admin_Dashboard_Backend/vendor/laravel/framework/src/Illuminate/Container/Container.php(694): Illuminate\\Foundation\\Application->resolve()
#8 /opt/lampp/htdocs/Admin_Dashboard_Backend/vendor/laravel/framework/src/Illuminate/Foundation/Application.php(836): Illuminate\\Container\\Container->make()
#9 /opt/lampp/htdocs/Admin_Dashboard_Backend/vendor/laravel/framework/src/Illuminate/Container/Container.php(1027): Illuminate\\Foundation\\Application->make()
#10 /opt/lampp/htdocs/Admin_Dashboard_Backend/vendor/laravel/framework/src/Illuminate/Container/Container.php(947): Illuminate\\Container\\Container->resolveClass()
#11 /opt/lampp/htdocs/Admin_Dashboard_Backend/vendor/laravel/framework/src/Illuminate/Container/Container.php(908): Illuminate\\Container\\Container->resolveDependencies()
#12 /opt/lampp/htdocs/Admin_Dashboard_Backend/vendor/laravel/framework/src/Illuminate/Container/Container.php(758): Illuminate\\Container\\Container->build()
#13 /opt/lampp/htdocs/Admin_Dashboard_Backend/vendor/laravel/framework/src/Illuminate/Foundation/Application.php(851): Illuminate\\Container\\Container->resolve()
#14 /opt/lampp/htdocs/Admin_Dashboard_Backend/vendor/laravel/framework/src/Illuminate/Container/Container.php(694): Illuminate\\Foundation\\Application->resolve()
#15 /opt/lampp/htdocs/Admin_Dashboard_Backend/vendor/laravel/framework/src/Illuminate/Foundation/Application.php(836): Illuminate\\Container\\Container->make()
#16 /opt/lampp/htdocs/Admin_Dashboard_Backend/vendor/laravel/framework/src/Illuminate/Console/Application.php(262): Illuminate\\Foundation\\Application->make()
#17 /opt/lampp/htdocs/Admin_Dashboard_Backend/vendor/laravel/framework/src/Illuminate/Console/Application.php(276): Illuminate\\Console\\Application->resolve()
#18 /opt/lampp/htdocs/Admin_Dashboard_Backend/vendor/laravel/framework/src/Illuminate/Foundation/Console/Kernel.php(331): Illuminate\\Console\\Application->resolveCommands()
#19 /opt/lampp/htdocs/Admin_Dashboard_Backend/vendor/laravel/framework/src/Illuminate/Foundation/Console/Kernel.php(129): Illuminate\\Foundation\\Console\\Kernel->getArtisan()
#20 /opt/lampp/htdocs/Admin_Dashboard_Backend/artisan(35): Illuminate\\Foundation\\Console\\Kernel->handle()
#21 {main}
"} 
[2025-08-27 06:23:01] local.ERROR: Unable to determine the Firebase Project ID {"exception":"[object] (Kreait\\Firebase\\Exception\\RuntimeException(code: 0): Unable to determine the Firebase Project ID at /opt/lampp/htdocs/Admin_Dashboard_Backend/vendor/kreait/firebase-php/src/Firebase/Factory.php:567)
[stacktrace]
#0 /opt/lampp/htdocs/Admin_Dashboard_Backend/vendor/kreait/firebase-php/src/Firebase/Factory.php(607): Kreait\\Firebase\\Factory->getProjectId()
#1 /opt/lampp/htdocs/Admin_Dashboard_Backend/vendor/kreait/firebase-php/src/Firebase/Factory.php(275): Kreait\\Firebase\\Factory->getDatabaseUrl()
#2 /opt/lampp/htdocs/Admin_Dashboard_Backend/vendor/kreait/laravel-firebase/src/FirebaseProject.php(48): Kreait\\Firebase\\Factory->createDatabase()
#3 /opt/lampp/htdocs/Admin_Dashboard_Backend/vendor/kreait/laravel-firebase/src/ServiceProvider.php(49): Kreait\\Laravel\\Firebase\\FirebaseProject->database()
#4 /opt/lampp/htdocs/Admin_Dashboard_Backend/vendor/laravel/framework/src/Illuminate/Container/Container.php(873): Kreait\\Laravel\\Firebase\\ServiceProvider::Kreait\\Laravel\\Firebase\\{closure}()
#5 /opt/lampp/htdocs/Admin_Dashboard_Backend/vendor/laravel/framework/src/Illuminate/Container/Container.php(758): Illuminate\\Container\\Container->build()
#6 /opt/lampp/htdocs/Admin_Dashboard_Backend/vendor/laravel/framework/src/Illuminate/Foundation/Application.php(851): Illuminate\\Container\\Container->resolve()
#7 /opt/lampp/htdocs/Admin_Dashboard_Backend/vendor/laravel/framework/src/Illuminate/Container/Container.php(694): Illuminate\\Foundation\\Application->resolve()
#8 /opt/lampp/htdocs/Admin_Dashboard_Backend/vendor/laravel/framework/src/Illuminate/Foundation/Application.php(836): Illuminate\\Container\\Container->make()
#9 /opt/lampp/htdocs/Admin_Dashboard_Backend/vendor/laravel/framework/src/Illuminate/Container/Container.php(1027): Illuminate\\Foundation\\Application->make()
#10 /opt/lampp/htdocs/Admin_Dashboard_Backend/vendor/laravel/framework/src/Illuminate/Container/Container.php(947): Illuminate\\Container\\Container->resolveClass()
#11 /opt/lampp/htdocs/Admin_Dashboard_Backend/vendor/laravel/framework/src/Illuminate/Container/Container.php(908): Illuminate\\Container\\Container->resolveDependencies()
#12 /opt/lampp/htdocs/Admin_Dashboard_Backend/vendor/laravel/framework/src/Illuminate/Container/Container.php(758): Illuminate\\Container\\Container->build()
#13 /opt/lampp/htdocs/Admin_Dashboard_Backend/vendor/laravel/framework/src/Illuminate/Foundation/Application.php(851): Illuminate\\Container\\Container->resolve()
#14 /opt/lampp/htdocs/Admin_Dashboard_Backend/vendor/laravel/framework/src/Illuminate/Container/Container.php(694): Illuminate\\Foundation\\Application->resolve()
#15 /opt/lampp/htdocs/Admin_Dashboard_Backend/vendor/laravel/framework/src/Illuminate/Foundation/Application.php(836): Illuminate\\Container\\Container->make()
#16 /opt/lampp/htdocs/Admin_Dashboard_Backend/vendor/laravel/framework/src/Illuminate/Console/Application.php(262): Illuminate\\Foundation\\Application->make()
#17 /opt/lampp/htdocs/Admin_Dashboard_Backend/vendor/laravel/framework/src/Illuminate/Console/Application.php(276): Illuminate\\Console\\Application->resolve()
#18 /opt/lampp/htdocs/Admin_Dashboard_Backend/vendor/laravel/framework/src/Illuminate/Foundation/Console/Kernel.php(331): Illuminate\\Console\\Application->resolveCommands()
#19 /opt/lampp/htdocs/Admin_Dashboard_Backend/vendor/laravel/framework/src/Illuminate/Foundation/Console/Kernel.php(129): Illuminate\\Foundation\\Console\\Kernel->getArtisan()
#20 /opt/lampp/htdocs/Admin_Dashboard_Backend/artisan(35): Illuminate\\Foundation\\Console\\Kernel->handle()
#21 {main}
"} 
[2025-08-27 06:24:57] local.ERROR: Unable to determine the Firebase Project ID {"exception":"[object] (Kreait\\Firebase\\Exception\\RuntimeException(code: 0): Unable to determine the Firebase Project ID at /opt/lampp/htdocs/Admin_Dashboard_Backend/vendor/kreait/firebase-php/src/Firebase/Factory.php:567)
[stacktrace]
#0 /opt/lampp/htdocs/Admin_Dashboard_Backend/vendor/kreait/firebase-php/src/Firebase/Factory.php(607): Kreait\\Firebase\\Factory->getProjectId()
#1 /opt/lampp/htdocs/Admin_Dashboard_Backend/vendor/kreait/firebase-php/src/Firebase/Factory.php(275): Kreait\\Firebase\\Factory->getDatabaseUrl()
#2 /opt/lampp/htdocs/Admin_Dashboard_Backend/vendor/kreait/laravel-firebase/src/FirebaseProject.php(48): Kreait\\Firebase\\Factory->createDatabase()
#3 /opt/lampp/htdocs/Admin_Dashboard_Backend/vendor/kreait/laravel-firebase/src/ServiceProvider.php(49): Kreait\\Laravel\\Firebase\\FirebaseProject->database()
#4 /opt/lampp/htdocs/Admin_Dashboard_Backend/vendor/laravel/framework/src/Illuminate/Container/Container.php(873): Kreait\\Laravel\\Firebase\\ServiceProvider::Kreait\\Laravel\\Firebase\\{closure}()
#5 /opt/lampp/htdocs/Admin_Dashboard_Backend/vendor/laravel/framework/src/Illuminate/Container/Container.php(758): Illuminate\\Container\\Container->build()
#6 /opt/lampp/htdocs/Admin_Dashboard_Backend/vendor/laravel/framework/src/Illuminate/Foundation/Application.php(851): Illuminate\\Container\\Container->resolve()
#7 /opt/lampp/htdocs/Admin_Dashboard_Backend/vendor/laravel/framework/src/Illuminate/Container/Container.php(694): Illuminate\\Foundation\\Application->resolve()
#8 /opt/lampp/htdocs/Admin_Dashboard_Backend/vendor/laravel/framework/src/Illuminate/Foundation/Application.php(836): Illuminate\\Container\\Container->make()
#9 /opt/lampp/htdocs/Admin_Dashboard_Backend/vendor/laravel/framework/src/Illuminate/Container/Container.php(1027): Illuminate\\Foundation\\Application->make()
#10 /opt/lampp/htdocs/Admin_Dashboard_Backend/vendor/laravel/framework/src/Illuminate/Container/Container.php(947): Illuminate\\Container\\Container->resolveClass()
#11 /opt/lampp/htdocs/Admin_Dashboard_Backend/vendor/laravel/framework/src/Illuminate/Container/Container.php(908): Illuminate\\Container\\Container->resolveDependencies()
#12 /opt/lampp/htdocs/Admin_Dashboard_Backend/vendor/laravel/framework/src/Illuminate/Container/Container.php(758): Illuminate\\Container\\Container->build()
#13 /opt/lampp/htdocs/Admin_Dashboard_Backend/vendor/laravel/framework/src/Illuminate/Foundation/Application.php(851): Illuminate\\Container\\Container->resolve()
#14 /opt/lampp/htdocs/Admin_Dashboard_Backend/vendor/laravel/framework/src/Illuminate/Container/Container.php(694): Illuminate\\Foundation\\Application->resolve()
#15 /opt/lampp/htdocs/Admin_Dashboard_Backend/vendor/laravel/framework/src/Illuminate/Foundation/Application.php(836): Illuminate\\Container\\Container->make()
#16 /opt/lampp/htdocs/Admin_Dashboard_Backend/vendor/laravel/framework/src/Illuminate/Console/Application.php(262): Illuminate\\Foundation\\Application->make()
#17 /opt/lampp/htdocs/Admin_Dashboard_Backend/vendor/laravel/framework/src/Illuminate/Console/Application.php(276): Illuminate\\Console\\Application->resolve()
#18 /opt/lampp/htdocs/Admin_Dashboard_Backend/vendor/laravel/framework/src/Illuminate/Foundation/Console/Kernel.php(331): Illuminate\\Console\\Application->resolveCommands()
#19 /opt/lampp/htdocs/Admin_Dashboard_Backend/vendor/laravel/framework/src/Illuminate/Foundation/Console/Kernel.php(129): Illuminate\\Foundation\\Console\\Kernel->getArtisan()
#20 /opt/lampp/htdocs/Admin_Dashboard_Backend/artisan(35): Illuminate\\Foundation\\Console\\Kernel->handle()
#21 {main}
"} 
[2025-08-27 06:30:06] local.ERROR: Unable to determine the Firebase Project ID {"exception":"[object] (Kreait\\Firebase\\Exception\\RuntimeException(code: 0): Unable to determine the Firebase Project ID at /opt/lampp/htdocs/Admin_Dashboard_Backend/vendor/kreait/firebase-php/src/Firebase/Factory.php:567)
[stacktrace]
#0 /opt/lampp/htdocs/Admin_Dashboard_Backend/vendor/kreait/firebase-php/src/Firebase/Factory.php(607): Kreait\\Firebase\\Factory->getProjectId()
#1 /opt/lampp/htdocs/Admin_Dashboard_Backend/vendor/kreait/firebase-php/src/Firebase/Factory.php(275): Kreait\\Firebase\\Factory->getDatabaseUrl()
#2 /opt/lampp/htdocs/Admin_Dashboard_Backend/vendor/kreait/laravel-firebase/src/FirebaseProject.php(48): Kreait\\Firebase\\Factory->createDatabase()
#3 /opt/lampp/htdocs/Admin_Dashboard_Backend/vendor/kreait/laravel-firebase/src/ServiceProvider.php(49): Kreait\\Laravel\\Firebase\\FirebaseProject->database()
#4 /opt/lampp/htdocs/Admin_Dashboard_Backend/vendor/laravel/framework/src/Illuminate/Container/Container.php(873): Kreait\\Laravel\\Firebase\\ServiceProvider::Kreait\\Laravel\\Firebase\\{closure}()
#5 /opt/lampp/htdocs/Admin_Dashboard_Backend/vendor/laravel/framework/src/Illuminate/Container/Container.php(758): Illuminate\\Container\\Container->build()
#6 /opt/lampp/htdocs/Admin_Dashboard_Backend/vendor/laravel/framework/src/Illuminate/Foundation/Application.php(851): Illuminate\\Container\\Container->resolve()
#7 /opt/lampp/htdocs/Admin_Dashboard_Backend/vendor/laravel/framework/src/Illuminate/Container/Container.php(694): Illuminate\\Foundation\\Application->resolve()
#8 /opt/lampp/htdocs/Admin_Dashboard_Backend/vendor/laravel/framework/src/Illuminate/Foundation/Application.php(836): Illuminate\\Container\\Container->make()
#9 /opt/lampp/htdocs/Admin_Dashboard_Backend/vendor/laravel/framework/src/Illuminate/Container/Container.php(1027): Illuminate\\Foundation\\Application->make()
#10 /opt/lampp/htdocs/Admin_Dashboard_Backend/vendor/laravel/framework/src/Illuminate/Container/Container.php(947): Illuminate\\Container\\Container->resolveClass()
#11 /opt/lampp/htdocs/Admin_Dashboard_Backend/vendor/laravel/framework/src/Illuminate/Container/Container.php(908): Illuminate\\Container\\Container->resolveDependencies()
#12 /opt/lampp/htdocs/Admin_Dashboard_Backend/vendor/laravel/framework/src/Illuminate/Container/Container.php(758): Illuminate\\Container\\Container->build()
#13 /opt/lampp/htdocs/Admin_Dashboard_Backend/vendor/laravel/framework/src/Illuminate/Foundation/Application.php(851): Illuminate\\Container\\Container->resolve()
#14 /opt/lampp/htdocs/Admin_Dashboard_Backend/vendor/laravel/framework/src/Illuminate/Container/Container.php(694): Illuminate\\Foundation\\Application->resolve()
#15 /opt/lampp/htdocs/Admin_Dashboard_Backend/vendor/laravel/framework/src/Illuminate/Foundation/Application.php(836): Illuminate\\Container\\Container->make()
#16 /opt/lampp/htdocs/Admin_Dashboard_Backend/vendor/laravel/framework/src/Illuminate/Console/Application.php(262): Illuminate\\Foundation\\Application->make()
#17 /opt/lampp/htdocs/Admin_Dashboard_Backend/vendor/laravel/framework/src/Illuminate/Console/Application.php(276): Illuminate\\Console\\Application->resolve()
#18 /opt/lampp/htdocs/Admin_Dashboard_Backend/vendor/laravel/framework/src/Illuminate/Foundation/Console/Kernel.php(331): Illuminate\\Console\\Application->resolveCommands()
#19 /opt/lampp/htdocs/Admin_Dashboard_Backend/vendor/laravel/framework/src/Illuminate/Foundation/Console/Kernel.php(129): Illuminate\\Foundation\\Console\\Kernel->getArtisan()
#20 /opt/lampp/htdocs/Admin_Dashboard_Backend/artisan(35): Illuminate\\Foundation\\Console\\Kernel->handle()
#21 {main}
"} 
[2025-08-27 06:30:27] local.ERROR: Unable to determine the Firebase Project ID {"exception":"[object] (Kreait\\Firebase\\Exception\\RuntimeException(code: 0): Unable to determine the Firebase Project ID at /opt/lampp/htdocs/Admin_Dashboard_Backend/vendor/kreait/firebase-php/src/Firebase/Factory.php:567)
[stacktrace]
#0 /opt/lampp/htdocs/Admin_Dashboard_Backend/vendor/kreait/firebase-php/src/Firebase/Factory.php(607): Kreait\\Firebase\\Factory->getProjectId()
#1 /opt/lampp/htdocs/Admin_Dashboard_Backend/vendor/kreait/firebase-php/src/Firebase/Factory.php(275): Kreait\\Firebase\\Factory->getDatabaseUrl()
#2 /opt/lampp/htdocs/Admin_Dashboard_Backend/vendor/kreait/laravel-firebase/src/FirebaseProject.php(48): Kreait\\Firebase\\Factory->createDatabase()
#3 /opt/lampp/htdocs/Admin_Dashboard_Backend/vendor/kreait/laravel-firebase/src/ServiceProvider.php(49): Kreait\\Laravel\\Firebase\\FirebaseProject->database()
#4 /opt/lampp/htdocs/Admin_Dashboard_Backend/vendor/laravel/framework/src/Illuminate/Container/Container.php(873): Kreait\\Laravel\\Firebase\\ServiceProvider::Kreait\\Laravel\\Firebase\\{closure}()
#5 /opt/lampp/htdocs/Admin_Dashboard_Backend/vendor/laravel/framework/src/Illuminate/Container/Container.php(758): Illuminate\\Container\\Container->build()
#6 /opt/lampp/htdocs/Admin_Dashboard_Backend/vendor/laravel/framework/src/Illuminate/Foundation/Application.php(851): Illuminate\\Container\\Container->resolve()
#7 /opt/lampp/htdocs/Admin_Dashboard_Backend/vendor/laravel/framework/src/Illuminate/Container/Container.php(694): Illuminate\\Foundation\\Application->resolve()
#8 /opt/lampp/htdocs/Admin_Dashboard_Backend/vendor/laravel/framework/src/Illuminate/Foundation/Application.php(836): Illuminate\\Container\\Container->make()
#9 /opt/lampp/htdocs/Admin_Dashboard_Backend/vendor/laravel/framework/src/Illuminate/Container/Container.php(1027): Illuminate\\Foundation\\Application->make()
#10 /opt/lampp/htdocs/Admin_Dashboard_Backend/vendor/laravel/framework/src/Illuminate/Container/Container.php(947): Illuminate\\Container\\Container->resolveClass()
#11 /opt/lampp/htdocs/Admin_Dashboard_Backend/vendor/laravel/framework/src/Illuminate/Container/Container.php(908): Illuminate\\Container\\Container->resolveDependencies()
#12 /opt/lampp/htdocs/Admin_Dashboard_Backend/vendor/laravel/framework/src/Illuminate/Container/Container.php(758): Illuminate\\Container\\Container->build()
#13 /opt/lampp/htdocs/Admin_Dashboard_Backend/vendor/laravel/framework/src/Illuminate/Foundation/Application.php(851): Illuminate\\Container\\Container->resolve()
#14 /opt/lampp/htdocs/Admin_Dashboard_Backend/vendor/laravel/framework/src/Illuminate/Container/Container.php(694): Illuminate\\Foundation\\Application->resolve()
#15 /opt/lampp/htdocs/Admin_Dashboard_Backend/vendor/laravel/framework/src/Illuminate/Foundation/Application.php(836): Illuminate\\Container\\Container->make()
#16 /opt/lampp/htdocs/Admin_Dashboard_Backend/vendor/laravel/framework/src/Illuminate/Console/Application.php(262): Illuminate\\Foundation\\Application->make()
#17 /opt/lampp/htdocs/Admin_Dashboard_Backend/vendor/laravel/framework/src/Illuminate/Console/Application.php(276): Illuminate\\Console\\Application->resolve()
#18 /opt/lampp/htdocs/Admin_Dashboard_Backend/vendor/laravel/framework/src/Illuminate/Foundation/Console/Kernel.php(331): Illuminate\\Console\\Application->resolveCommands()
#19 /opt/lampp/htdocs/Admin_Dashboard_Backend/vendor/laravel/framework/src/Illuminate/Foundation/Console/Kernel.php(129): Illuminate\\Foundation\\Console\\Kernel->getArtisan()
#20 /opt/lampp/htdocs/Admin_Dashboard_Backend/artisan(35): Illuminate\\Foundation\\Console\\Kernel->handle()
#21 {main}
"} 
[2025-08-27 06:32:23] local.ERROR: Unable to determine the Firebase Project ID {"exception":"[object] (Kreait\\Firebase\\Exception\\RuntimeException(code: 0): Unable to determine the Firebase Project ID at /opt/lampp/htdocs/Admin_Dashboard_Backend/vendor/kreait/firebase-php/src/Firebase/Factory.php:567)
[stacktrace]
#0 /opt/lampp/htdocs/Admin_Dashboard_Backend/vendor/kreait/firebase-php/src/Firebase/Factory.php(607): Kreait\\Firebase\\Factory->getProjectId()
#1 /opt/lampp/htdocs/Admin_Dashboard_Backend/vendor/kreait/firebase-php/src/Firebase/Factory.php(275): Kreait\\Firebase\\Factory->getDatabaseUrl()
#2 /opt/lampp/htdocs/Admin_Dashboard_Backend/vendor/kreait/laravel-firebase/src/FirebaseProject.php(48): Kreait\\Firebase\\Factory->createDatabase()
#3 /opt/lampp/htdocs/Admin_Dashboard_Backend/vendor/kreait/laravel-firebase/src/ServiceProvider.php(49): Kreait\\Laravel\\Firebase\\FirebaseProject->database()
#4 /opt/lampp/htdocs/Admin_Dashboard_Backend/vendor/laravel/framework/src/Illuminate/Container/Container.php(873): Kreait\\Laravel\\Firebase\\ServiceProvider::Kreait\\Laravel\\Firebase\\{closure}()
#5 /opt/lampp/htdocs/Admin_Dashboard_Backend/vendor/laravel/framework/src/Illuminate/Container/Container.php(758): Illuminate\\Container\\Container->build()
#6 /opt/lampp/htdocs/Admin_Dashboard_Backend/vendor/laravel/framework/src/Illuminate/Foundation/Application.php(851): Illuminate\\Container\\Container->resolve()
#7 /opt/lampp/htdocs/Admin_Dashboard_Backend/vendor/laravel/framework/src/Illuminate/Container/Container.php(694): Illuminate\\Foundation\\Application->resolve()
#8 /opt/lampp/htdocs/Admin_Dashboard_Backend/vendor/laravel/framework/src/Illuminate/Foundation/Application.php(836): Illuminate\\Container\\Container->make()
#9 /opt/lampp/htdocs/Admin_Dashboard_Backend/vendor/laravel/framework/src/Illuminate/Container/Container.php(1027): Illuminate\\Foundation\\Application->make()
#10 /opt/lampp/htdocs/Admin_Dashboard_Backend/vendor/laravel/framework/src/Illuminate/Container/Container.php(947): Illuminate\\Container\\Container->resolveClass()
#11 /opt/lampp/htdocs/Admin_Dashboard_Backend/vendor/laravel/framework/src/Illuminate/Container/Container.php(908): Illuminate\\Container\\Container->resolveDependencies()
#12 /opt/lampp/htdocs/Admin_Dashboard_Backend/vendor/laravel/framework/src/Illuminate/Container/Container.php(758): Illuminate\\Container\\Container->build()
#13 /opt/lampp/htdocs/Admin_Dashboard_Backend/vendor/laravel/framework/src/Illuminate/Foundation/Application.php(851): Illuminate\\Container\\Container->resolve()
#14 /opt/lampp/htdocs/Admin_Dashboard_Backend/vendor/laravel/framework/src/Illuminate/Container/Container.php(694): Illuminate\\Foundation\\Application->resolve()
#15 /opt/lampp/htdocs/Admin_Dashboard_Backend/vendor/laravel/framework/src/Illuminate/Foundation/Application.php(836): Illuminate\\Container\\Container->make()
#16 /opt/lampp/htdocs/Admin_Dashboard_Backend/vendor/laravel/framework/src/Illuminate/Console/Application.php(262): Illuminate\\Foundation\\Application->make()
#17 /opt/lampp/htdocs/Admin_Dashboard_Backend/vendor/laravel/framework/src/Illuminate/Console/Application.php(276): Illuminate\\Console\\Application->resolve()
#18 /opt/lampp/htdocs/Admin_Dashboard_Backend/vendor/laravel/framework/src/Illuminate/Foundation/Console/Kernel.php(331): Illuminate\\Console\\Application->resolveCommands()
#19 /opt/lampp/htdocs/Admin_Dashboard_Backend/vendor/laravel/framework/src/Illuminate/Foundation/Console/Kernel.php(129): Illuminate\\Foundation\\Console\\Kernel->getArtisan()
#20 /opt/lampp/htdocs/Admin_Dashboard_Backend/artisan(35): Illuminate\\Foundation\\Console\\Kernel->handle()
#21 {main}
"} 
[2025-08-27 06:33:16] local.ERROR: Unable to determine the Firebase Project ID {"exception":"[object] (Kreait\\Firebase\\Exception\\RuntimeException(code: 0): Unable to determine the Firebase Project ID at /opt/lampp/htdocs/Admin_Dashboard_Backend/vendor/kreait/firebase-php/src/Firebase/Factory.php:567)
[stacktrace]
#0 /opt/lampp/htdocs/Admin_Dashboard_Backend/vendor/kreait/firebase-php/src/Firebase/Factory.php(607): Kreait\\Firebase\\Factory->getProjectId()
#1 /opt/lampp/htdocs/Admin_Dashboard_Backend/vendor/kreait/firebase-php/src/Firebase/Factory.php(275): Kreait\\Firebase\\Factory->getDatabaseUrl()
#2 /opt/lampp/htdocs/Admin_Dashboard_Backend/vendor/kreait/laravel-firebase/src/FirebaseProject.php(48): Kreait\\Firebase\\Factory->createDatabase()
#3 /opt/lampp/htdocs/Admin_Dashboard_Backend/vendor/kreait/laravel-firebase/src/ServiceProvider.php(49): Kreait\\Laravel\\Firebase\\FirebaseProject->database()
#4 /opt/lampp/htdocs/Admin_Dashboard_Backend/vendor/laravel/framework/src/Illuminate/Container/Container.php(873): Kreait\\Laravel\\Firebase\\ServiceProvider::Kreait\\Laravel\\Firebase\\{closure}()
#5 /opt/lampp/htdocs/Admin_Dashboard_Backend/vendor/laravel/framework/src/Illuminate/Container/Container.php(758): Illuminate\\Container\\Container->build()
#6 /opt/lampp/htdocs/Admin_Dashboard_Backend/vendor/laravel/framework/src/Illuminate/Foundation/Application.php(851): Illuminate\\Container\\Container->resolve()
#7 /opt/lampp/htdocs/Admin_Dashboard_Backend/vendor/laravel/framework/src/Illuminate/Container/Container.php(694): Illuminate\\Foundation\\Application->resolve()
#8 /opt/lampp/htdocs/Admin_Dashboard_Backend/vendor/laravel/framework/src/Illuminate/Foundation/Application.php(836): Illuminate\\Container\\Container->make()
#9 /opt/lampp/htdocs/Admin_Dashboard_Backend/vendor/laravel/framework/src/Illuminate/Container/Container.php(1027): Illuminate\\Foundation\\Application->make()
#10 /opt/lampp/htdocs/Admin_Dashboard_Backend/vendor/laravel/framework/src/Illuminate/Container/Container.php(947): Illuminate\\Container\\Container->resolveClass()
#11 /opt/lampp/htdocs/Admin_Dashboard_Backend/vendor/laravel/framework/src/Illuminate/Container/Container.php(908): Illuminate\\Container\\Container->resolveDependencies()
#12 /opt/lampp/htdocs/Admin_Dashboard_Backend/vendor/laravel/framework/src/Illuminate/Container/Container.php(758): Illuminate\\Container\\Container->build()
#13 /opt/lampp/htdocs/Admin_Dashboard_Backend/vendor/laravel/framework/src/Illuminate/Foundation/Application.php(851): Illuminate\\Container\\Container->resolve()
#14 /opt/lampp/htdocs/Admin_Dashboard_Backend/vendor/laravel/framework/src/Illuminate/Container/Container.php(694): Illuminate\\Foundation\\Application->resolve()
#15 /opt/lampp/htdocs/Admin_Dashboard_Backend/vendor/laravel/framework/src/Illuminate/Foundation/Application.php(836): Illuminate\\Container\\Container->make()
#16 /opt/lampp/htdocs/Admin_Dashboard_Backend/vendor/laravel/framework/src/Illuminate/Console/Application.php(262): Illuminate\\Foundation\\Application->make()
#17 /opt/lampp/htdocs/Admin_Dashboard_Backend/vendor/laravel/framework/src/Illuminate/Console/Application.php(276): Illuminate\\Console\\Application->resolve()
#18 /opt/lampp/htdocs/Admin_Dashboard_Backend/vendor/laravel/framework/src/Illuminate/Foundation/Console/Kernel.php(331): Illuminate\\Console\\Application->resolveCommands()
#19 /opt/lampp/htdocs/Admin_Dashboard_Backend/vendor/laravel/framework/src/Illuminate/Foundation/Console/Kernel.php(129): Illuminate\\Foundation\\Console\\Kernel->getArtisan()
#20 /opt/lampp/htdocs/Admin_Dashboard_Backend/artisan(35): Illuminate\\Foundation\\Console\\Kernel->handle()
#21 {main}
"} 
[2025-08-27 06:34:03] local.ERROR: Unable to determine the Firebase Project ID {"exception":"[object] (Kreait\\Firebase\\Exception\\RuntimeException(code: 0): Unable to determine the Firebase Project ID at /opt/lampp/htdocs/Admin_Dashboard_Backend/vendor/kreait/firebase-php/src/Firebase/Factory.php:567)
[stacktrace]
#0 /opt/lampp/htdocs/Admin_Dashboard_Backend/vendor/kreait/firebase-php/src/Firebase/Factory.php(607): Kreait\\Firebase\\Factory->getProjectId()
#1 /opt/lampp/htdocs/Admin_Dashboard_Backend/vendor/kreait/firebase-php/src/Firebase/Factory.php(275): Kreait\\Firebase\\Factory->getDatabaseUrl()
#2 /opt/lampp/htdocs/Admin_Dashboard_Backend/vendor/kreait/laravel-firebase/src/FirebaseProject.php(48): Kreait\\Firebase\\Factory->createDatabase()
#3 /opt/lampp/htdocs/Admin_Dashboard_Backend/vendor/kreait/laravel-firebase/src/ServiceProvider.php(49): Kreait\\Laravel\\Firebase\\FirebaseProject->database()
#4 /opt/lampp/htdocs/Admin_Dashboard_Backend/vendor/laravel/framework/src/Illuminate/Container/Container.php(873): Kreait\\Laravel\\Firebase\\ServiceProvider::Kreait\\Laravel\\Firebase\\{closure}()
#5 /opt/lampp/htdocs/Admin_Dashboard_Backend/vendor/laravel/framework/src/Illuminate/Container/Container.php(758): Illuminate\\Container\\Container->build()
#6 /opt/lampp/htdocs/Admin_Dashboard_Backend/vendor/laravel/framework/src/Illuminate/Foundation/Application.php(851): Illuminate\\Container\\Container->resolve()
#7 /opt/lampp/htdocs/Admin_Dashboard_Backend/vendor/laravel/framework/src/Illuminate/Container/Container.php(694): Illuminate\\Foundation\\Application->resolve()
#8 /opt/lampp/htdocs/Admin_Dashboard_Backend/vendor/laravel/framework/src/Illuminate/Foundation/Application.php(836): Illuminate\\Container\\Container->make()
#9 /opt/lampp/htdocs/Admin_Dashboard_Backend/vendor/laravel/framework/src/Illuminate/Container/Container.php(1027): Illuminate\\Foundation\\Application->make()
#10 /opt/lampp/htdocs/Admin_Dashboard_Backend/vendor/laravel/framework/src/Illuminate/Container/Container.php(947): Illuminate\\Container\\Container->resolveClass()
#11 /opt/lampp/htdocs/Admin_Dashboard_Backend/vendor/laravel/framework/src/Illuminate/Container/Container.php(908): Illuminate\\Container\\Container->resolveDependencies()
#12 /opt/lampp/htdocs/Admin_Dashboard_Backend/vendor/laravel/framework/src/Illuminate/Container/Container.php(758): Illuminate\\Container\\Container->build()
#13 /opt/lampp/htdocs/Admin_Dashboard_Backend/vendor/laravel/framework/src/Illuminate/Foundation/Application.php(851): Illuminate\\Container\\Container->resolve()
#14 /opt/lampp/htdocs/Admin_Dashboard_Backend/vendor/laravel/framework/src/Illuminate/Container/Container.php(694): Illuminate\\Foundation\\Application->resolve()
#15 /opt/lampp/htdocs/Admin_Dashboard_Backend/vendor/laravel/framework/src/Illuminate/Foundation/Application.php(836): Illuminate\\Container\\Container->make()
#16 /opt/lampp/htdocs/Admin_Dashboard_Backend/vendor/laravel/framework/src/Illuminate/Console/Application.php(262): Illuminate\\Foundation\\Application->make()
#17 /opt/lampp/htdocs/Admin_Dashboard_Backend/vendor/laravel/framework/src/Illuminate/Console/Application.php(276): Illuminate\\Console\\Application->resolve()
#18 /opt/lampp/htdocs/Admin_Dashboard_Backend/vendor/laravel/framework/src/Illuminate/Foundation/Console/Kernel.php(331): Illuminate\\Console\\Application->resolveCommands()
#19 /opt/lampp/htdocs/Admin_Dashboard_Backend/vendor/laravel/framework/src/Illuminate/Foundation/Console/Kernel.php(129): Illuminate\\Foundation\\Console\\Kernel->getArtisan()
#20 /opt/lampp/htdocs/Admin_Dashboard_Backend/artisan(35): Illuminate\\Foundation\\Console\\Kernel->handle()
#21 {main}
"} 
